[debug] [2024-05-16T09:04:02.128Z] ----------------------------------------------------------------------
[debug] [2024-05-16T09:04:02.137Z] Command:       C:\Program Files\nodejs\node.exe C:\Users\MAC012192\AppData\Roaming\npm\node_modules\firebase-tools\lib\bin\firebase.js init
[debug] [2024-05-16T09:04:02.140Z] CLI Version:   13.9.0
[debug] [2024-05-16T09:04:02.141Z] Platform:      win32
[debug] [2024-05-16T09:04:02.142Z] Node Version:  v22.1.0
[debug] [2024-05-16T09:04:02.142Z] Time:          Thu May 16 2024 14:34:02 GMT+0530 (India Standard Time)
[debug] [2024-05-16T09:04:02.142Z] ----------------------------------------------------------------------
[debug] 
[debug] [2024-05-16T09:04:02.264Z] > command requires scopes: ["email","openid","https://www.googleapis.com/auth/cloudplatformprojects.readonly","https://www.googleapis.com/auth/firebase","https://www.googleapis.com/auth/cloud-platform"]
[debug] [2024-05-16T09:04:02.265Z] > authorizing via signed-in user (akajith919@gmail.com)
[info] 
     ######## #### ########  ######## ########     ###     ######  ########
     ##        ##  ##     ## ##       ##     ##  ##   ##  ##       ##
     ######    ##  ########  ######   ########  #########  ######  ######
     ##        ##  ##    ##  ##       ##     ## ##     ##       ## ##
     ##       #### ##     ## ######## ########  ##     ##  ######  ########

You're about to initialize a Firebase project in this directory:

  D:\AJE-Frontend\aje-frontend

Before we get started, keep in mind:

  * You are initializing within an existing Firebase project directory

[debug] [2024-05-16T09:17:28.181Z] ----------------------------------------------------------------------
[debug] [2024-05-16T09:17:28.185Z] Command:       C:\Program Files\nodejs\node.exe C:\Users\MAC012192\AppData\Roaming\npm\node_modules\firebase-tools\lib\bin\firebase.js init
[debug] [2024-05-16T09:17:28.186Z] CLI Version:   13.9.0
[debug] [2024-05-16T09:17:28.186Z] Platform:      win32
[debug] [2024-05-16T09:17:28.186Z] Node Version:  v22.1.0
[debug] [2024-05-16T09:17:28.186Z] Time:          Thu May 16 2024 14:47:28 GMT+0530 (India Standard Time)
[debug] [2024-05-16T09:17:28.187Z] ----------------------------------------------------------------------
[debug] 
[debug] [2024-05-16T09:17:28.284Z] > command requires scopes: ["email","openid","https://www.googleapis.com/auth/cloudplatformprojects.readonly","https://www.googleapis.com/auth/firebase","https://www.googleapis.com/auth/cloud-platform"]
[debug] [2024-05-16T09:17:28.285Z] > authorizing via signed-in user (akajith919@gmail.com)
[info] 
     ######## #### ########  ######## ########     ###     ######  ########
     ##        ##  ##     ## ##       ##     ##  ##   ##  ##       ##
     ######    ##  ########  ######   ########  #########  ######  ######
     ##        ##  ##    ##  ##       ##     ## ##     ##       ## ##
     ##       #### ##     ## ######## ########  ##     ##  ######  ########

You're about to initialize a Firebase project in this directory:

  D:\AJE-Frontend\aje-frontend

Before we get started, keep in mind:

  * You are initializing within an existing Firebase project directory

